<?xml version="1.0" encoding="UTF-8"?>
<!-- Generated by org.testng.reporters.JUnitReportReporter -->
<testsuite hostname="DESKTOP-8B8PBF3" failures="0" tests="3" name="parameterization_package.Parameterization" time="28.464" errors="0" timestamp="2025-01-16T18:53:24 IST" skipped="0">
  <testcase classname="parameterization_package.Parameterization" name="Script_Test" time="9.337"/>
  <system-out/>
  <testcase classname="parameterization_package.Parameterization" name="Script_Test" time="8.388"/>
  <system-out/>
  <testcase classname="parameterization_package.Parameterization" name="Script_Test" time="10.739"/>
  <system-out/>
</testsuite> <!-- parameterization_package.Parameterization -->
