<?xml version="1.0" encoding="UTF-8"?>
<!-- Generated by org.testng.reporters.JUnitReportReporter -->
<testsuite hostname="DESKTOP-8B8PBF3" failures="0" tests="3" name="dataprovider.DataProiveder_betweentheclass" time="73.021" errors="0" timestamp="2024-07-31T18:44:38 IST" skipped="0">
  <testcase classname="dataprovider.DataProiveder_betweentheclass" name="useData" time="24.297"/>
  <system-out/>
  <testcase classname="dataprovider.DataProiveder_betweentheclass" name="useData" time="22.582"/>
  <system-out/>
  <testcase classname="dataprovider.DataProiveder_betweentheclass" name="useData" time="26.142"/>
  <system-out/>
</testsuite> <!-- dataprovider.DataProiveder_betweentheclass -->
