<?xml version="1.0" encoding="UTF-8"?>
<!-- Generated by org.testng.reporters.JUnitReportReporter -->
<testsuite hostname="DESKTOP-8B8PBF3" failures="0" tests="1" name="assertion.Assert" time="13.407" errors="0" timestamp="2025-01-16T19:46:03 IST" skipped="0">
  <testcase classname="assertion.Assert" name="soft_assert1" time="13.407"/>
  <system-out/>
</testsuite> <!-- assertion.Assert -->
