<?xml version="1.0" encoding="UTF-8"?>
<!-- Generated by org.testng.reporters.JUnitReportReporter -->
<testsuite hostname="DESKTOP-8B8PBF3" failures="0" tests="3" name="parameterization_package.Parameterization" time="45.829" errors="0" timestamp="2024-11-12T22:31:18 IST" skipped="0">
  <testcase classname="parameterization_package.Parameterization" name="Script_Test" time="16.256"/>
  <system-out/>
  <testcase classname="parameterization_package.Parameterization" name="Script_Test" time="16.359"/>
  <system-out/>
  <testcase classname="parameterization_package.Parameterization" name="Script_Test" time="13.214"/>
  <system-out/>
</testsuite> <!-- parameterization_package.Parameterization -->
