<?xml version="1.0" encoding="UTF-8"?>
<!-- Generated by org.testng.reporters.JUnitReportReporter -->
<testsuite hostname="DESKTOP-8B8PBF3" failures="0" tests="6" name="package4_logoutMoudle.Logout_module_Test" time="0.007" errors="0" timestamp="2024-11-12T22:31:18 IST" skipped="0">
  <testcase classname="package4_logoutMoudle.Logout_module_Test" name="logout_Profile_Test" time="0.001"/>
  <system-out/>
  <testcase classname="package4_logoutMoudle.Logout_module_Test" name="logout_Profile_Test" time="0.001"/>
  <system-out/>
  <testcase classname="package4_logoutMoudle.Logout_module_Test" name="logout_Profile_Test" time="0.002"/>
  <system-out/>
  <testcase classname="package4_logoutMoudle.Logout_module_Test" name="logout_Profile_logout_Test" time="0.001"/>
  <system-out/>
  <testcase classname="package4_logoutMoudle.Logout_module_Test" name="logout_Profile_logout_Test" time="0.001"/>
  <system-out/>
  <testcase classname="package4_logoutMoudle.Logout_module_Test" name="logout_Profile_logout_Test" time="0.001"/>
  <system-out/>
</testsuite> <!-- package4_logoutMoudle.Logout_module_Test -->
