<?xml version="1.0" encoding="UTF-8"?>
<!-- Generated by org.testng.reporters.JUnitReportReporter -->
<testsuite hostname="DESKTOP-8B8PBF3" failures="0" tests="3" name="dataprovider.Dataprovider_Class" time="0.009" errors="0" timestamp="2025-01-16T19:27:11 IST" skipped="0">
  <testcase classname="dataprovider.Dataprovider_Class" name="useData1" time="0.002"/>
  <system-out/>
  <testcase classname="dataprovider.Dataprovider_Class" name="useData1" time="0.006"/>
  <system-out/>
  <testcase classname="dataprovider.Dataprovider_Class" name="useData1" time="0.001"/>
  <system-out/>
</testsuite> <!-- dataprovider.Dataprovider_Class -->
