<?xml version="1.0" encoding="UTF-8"?>
<!-- Generated by org.testng.reporters.JUnitReportReporter -->
<testsuite hostname="DESKTOP-8B8PBF3" failures="0" tests="9" name="package2_HomeModule.HomeModule_Test" time="0.024" errors="0" timestamp="2024-11-12T22:31:18 IST" skipped="0">
  <testcase classname="package2_HomeModule.HomeModule_Test" name="HomeModule_AdminStory_Test" time="0.002"/>
  <system-out/>
  <testcase classname="package2_HomeModule.HomeModule_Test" name="HomeModule_AdminStory_Test" time="0.001"/>
  <system-out/>
  <testcase classname="package2_HomeModule.HomeModule_Test" name="HomeModule_AdminStory_Test" time="0.002"/>
  <system-out/>
  <testcase classname="package2_HomeModule.HomeModule_Test" name="HomeModule_PimStory_Test" time="0.000"/>
  <system-out/>
  <testcase classname="package2_HomeModule.HomeModule_Test" name="HomeModule_PimStory_Test" time="0.002"/>
  <system-out/>
  <testcase classname="package2_HomeModule.HomeModule_Test" name="HomeModule_PimStory_Test" time="0.002"/>
  <system-out/>
  <testcase classname="package2_HomeModule.HomeModule_Test" name="HomeModule_Leave_Test" time="0.000"/>
  <system-out/>
  <testcase classname="package2_HomeModule.HomeModule_Test" name="HomeModule_Leave_Test" time="0.001"/>
  <system-out/>
  <testcase classname="package2_HomeModule.HomeModule_Test" name="HomeModule_Leave_Test" time="0.014"/>
  <system-out/>
</testsuite> <!-- package2_HomeModule.HomeModule_Test -->
