<?xml version="1.0" encoding="UTF-8"?>
<!-- Generated by org.testng.reporters.JUnitReportReporter -->
<testsuite hostname="DESKTOP-8B8PBF3" failures="0" tests="3" name="dataprovider.Dataprovider_Class" time="0.023" errors="0" timestamp="2024-10-24T19:47:53 IST" skipped="0">
  <testcase classname="dataprovider.Dataprovider_Class" name="useData" time="0.002"/>
  <system-out/>
  <testcase classname="dataprovider.Dataprovider_Class" name="useData" time="0.011"/>
  <system-out/>
  <testcase classname="dataprovider.Dataprovider_Class" name="useData" time="0.010"/>
  <system-out/>
</testsuite> <!-- dataprovider.Dataprovider_Class -->
